Symfony\Component\DependencyInjection\Compiler\ResolveChildDefinitionsPass: Resolving inheritance for "instanceof.Symfony\Component\Console\Command\Command.0.SensioLabs\Security\Command\SecurityCheckerCommand" (parent: abstract.instanceof.SensioLabs\Security\Command\SecurityCheckerCommand).
Symfony\Component\DependencyInjection\Compiler\ResolveChildDefinitionsPass: Resolving inheritance for "SensioLabs\Security\Command\SecurityCheckerCommand" (parent: instanceof.Symfony\Component\Console\Command\Command.0.SensioLabs\Security\Command\SecurityCheckerCommand).
Symfony\Component\DependencyInjection\Compiler\ResolveChildDefinitionsPass: Resolving inheritance for "instanceof.Twig_ExtensionInterface.0.Twig\Extensions\DateExtension" (parent: abstract.instanceof.Twig\Extensions\DateExtension).
Symfony\Component\DependencyInjection\Compiler\ResolveChildDefinitionsPass: Resolving inheritance for "instanceof.Twig\Extension\ExtensionInterface.0.Twig\Extensions\DateExtension" (parent: instanceof.Twig_ExtensionInterface.0.Twig\Extensions\DateExtension).
Symfony\Component\DependencyInjection\Compiler\ResolveChildDefinitionsPass: Resolving inheritance for "Twig\Extensions\DateExtension" (parent: instanceof.Twig\Extension\ExtensionInterface.0.Twig\Extensions\DateExtension).
Symfony\Component\DependencyInjection\Compiler\ResolveChildDefinitionsPass: Resolving inheritance for "instanceof.Twig_ExtensionInterface.0.Twig\Extensions\IntlExtension" (parent: abstract.instanceof.Twig\Extensions\IntlExtension).
Symfony\Component\DependencyInjection\Compiler\ResolveChildDefinitionsPass: Resolving inheritance for "instanceof.Twig\Extension\ExtensionInterface.0.Twig\Extensions\IntlExtension" (parent: instanceof.Twig_ExtensionInterface.0.Twig\Extensions\IntlExtension).
Symfony\Component\DependencyInjection\Compiler\ResolveChildDefinitionsPass: Resolving inheritance for "Twig\Extensions\IntlExtension" (parent: instanceof.Twig\Extension\ExtensionInterface.0.Twig\Extensions\IntlExtension).
Symfony\Component\DependencyInjection\Compiler\ResolveChildDefinitionsPass: Resolving inheritance for "instanceof.Symfony\Component\DependencyInjection\ServiceSubscriberInterface.0.App\Controller\HelloController" (parent: abstract.instanceof.App\Controller\HelloController).
Symfony\Component\DependencyInjection\Compiler\ResolveChildDefinitionsPass: Resolving inheritance for "instanceof.Symfony\Bundle\FrameworkBundle\Controller\AbstractController.0.App\Controller\HelloController" (parent: instanceof.Symfony\Component\DependencyInjection\ServiceSubscriberInterface.0.App\Controller\HelloController).
Symfony\Component\DependencyInjection\Compiler\ResolveChildDefinitionsPass: Resolving inheritance for "App\Controller\HelloController" (parent: instanceof.Symfony\Bundle\FrameworkBundle\Controller\AbstractController.0.App\Controller\HelloController).
Symfony\Component\DependencyInjection\Compiler\ResolveChildDefinitionsPass: Resolving inheritance for "instanceof.Symfony\Component\DependencyInjection\ServiceSubscriberInterface.0.App\Controller\TaskController" (parent: abstract.instanceof.App\Controller\TaskController).
Symfony\Component\DependencyInjection\Compiler\ResolveChildDefinitionsPass: Resolving inheritance for "instanceof.Symfony\Bundle\FrameworkBundle\Controller\AbstractController.0.App\Controller\TaskController" (parent: instanceof.Symfony\Component\DependencyInjection\ServiceSubscriberInterface.0.App\Controller\TaskController).
Symfony\Component\DependencyInjection\Compiler\ResolveChildDefinitionsPass: Resolving inheritance for "App\Controller\TaskController" (parent: instanceof.Symfony\Bundle\FrameworkBundle\Controller\AbstractController.0.App\Controller\TaskController).
Symfony\Component\DependencyInjection\Compiler\ResolveChildDefinitionsPass: Resolving inheritance for "instanceof.Symfony\Component\DependencyInjection\ServiceSubscriberInterface.0.App\Controller\TestController" (parent: abstract.instanceof.App\Controller\TestController).
Symfony\Component\DependencyInjection\Compiler\ResolveChildDefinitionsPass: Resolving inheritance for "instanceof.Symfony\Bundle\FrameworkBundle\Controller\AbstractController.0.App\Controller\TestController" (parent: instanceof.Symfony\Component\DependencyInjection\ServiceSubscriberInterface.0.App\Controller\TestController).
Symfony\Component\DependencyInjection\Compiler\ResolveChildDefinitionsPass: Resolving inheritance for "App\Controller\TestController" (parent: instanceof.Symfony\Bundle\FrameworkBundle\Controller\AbstractController.0.App\Controller\TestController).
Symfony\Component\DependencyInjection\Compiler\ResolveChildDefinitionsPass: Resolving inheritance for "instanceof.Doctrine\Bundle\FixturesBundle\ORMFixtureInterface.0.App\DataFixtures\AppFixtures" (parent: abstract.instanceof.App\DataFixtures\AppFixtures).
Symfony\Component\DependencyInjection\Compiler\ResolveChildDefinitionsPass: Resolving inheritance for "App\DataFixtures\AppFixtures" (parent: instanceof.Doctrine\Bundle\FixturesBundle\ORMFixtureInterface.0.App\DataFixtures\AppFixtures).
Symfony\Component\DependencyInjection\Compiler\ResolveChildDefinitionsPass: Resolving inheritance for "instanceof.Doctrine\Bundle\FixturesBundle\ORMFixtureInterface.0.App\DataFixtures\TaskFixtures" (parent: abstract.instanceof.App\DataFixtures\TaskFixtures).
Symfony\Component\DependencyInjection\Compiler\ResolveChildDefinitionsPass: Resolving inheritance for "App\DataFixtures\TaskFixtures" (parent: instanceof.Doctrine\Bundle\FixturesBundle\ORMFixtureInterface.0.App\DataFixtures\TaskFixtures).
Symfony\Component\DependencyInjection\Compiler\ResolveChildDefinitionsPass: Resolving inheritance for "instanceof.Doctrine\Bundle\DoctrineBundle\Repository\ServiceEntityRepositoryInterface.0.App\Repository\TaskRepository" (parent: abstract.instanceof.App\Repository\TaskRepository).
Symfony\Component\DependencyInjection\Compiler\ResolveChildDefinitionsPass: Resolving inheritance for "App\Repository\TaskRepository" (parent: instanceof.Doctrine\Bundle\DoctrineBundle\Repository\ServiceEntityRepositoryInterface.0.App\Repository\TaskRepository).
Symfony\Component\DependencyInjection\Compiler\ResolveChildDefinitionsPass: Resolving inheritance for "cache.app" (parent: cache.adapter.filesystem).
Symfony\Component\DependencyInjection\Compiler\ResolveChildDefinitionsPass: Resolving inheritance for "cache.system" (parent: cache.adapter.system).
Symfony\Component\DependencyInjection\Compiler\ResolveChildDefinitionsPass: Resolving inheritance for "cache.validator" (parent: cache.system).
Symfony\Component\DependencyInjection\Compiler\ResolveChildDefinitionsPass: Resolving inheritance for "cache.serializer" (parent: cache.system).
Symfony\Component\DependencyInjection\Compiler\ResolveChildDefinitionsPass: Resolving inheritance for "cache.annotations" (parent: cache.system).
Symfony\Component\DependencyInjection\Compiler\ResolveChildDefinitionsPass: Resolving inheritance for "cache.system_clearer" (parent: cache.default_clearer).
Symfony\Component\DependencyInjection\Compiler\ResolveChildDefinitionsPass: Resolving inheritance for "cache.global_clearer" (parent: cache.default_clearer).
Symfony\Component\DependencyInjection\Compiler\ResolveChildDefinitionsPass: Resolving inheritance for "assets._default_package" (parent: assets.path_package).
Symfony\Component\DependencyInjection\Compiler\ResolveChildDefinitionsPass: Resolving inheritance for "doctrine.dbal.default_connection.configuration" (parent: doctrine.dbal.connection.configuration).
Symfony\Component\DependencyInjection\Compiler\ResolveChildDefinitionsPass: Resolving inheritance for "doctrine.dbal.logger.profiling.default" (parent: doctrine.dbal.logger.profiling).
Symfony\Component\DependencyInjection\Compiler\ResolveChildDefinitionsPass: Resolving inheritance for "doctrine.dbal.logger.chain.default" (parent: doctrine.dbal.logger.chain).
Symfony\Component\DependencyInjection\Compiler\ResolveChildDefinitionsPass: Resolving inheritance for "doctrine.dbal.default_connection.event_manager" (parent: doctrine.dbal.connection.event_manager).
Symfony\Component\DependencyInjection\Compiler\ResolveChildDefinitionsPass: Resolving inheritance for "doctrine.dbal.default_connection" (parent: doctrine.dbal.connection).
Symfony\Component\DependencyInjection\Compiler\ResolveChildDefinitionsPass: Resolving inheritance for "doctrine.orm.default_configuration" (parent: doctrine.orm.configuration).
Symfony\Component\DependencyInjection\Compiler\ResolveChildDefinitionsPass: Resolving inheritance for "doctrine_cache.providers.doctrine.orm.default_metadata_cache" (parent: doctrine_cache.abstract.array).
Symfony\Component\DependencyInjection\Compiler\ResolveChildDefinitionsPass: Resolving inheritance for "doctrine_cache.providers.doctrine.orm.default_result_cache" (parent: doctrine_cache.abstract.array).
Symfony\Component\DependencyInjection\Compiler\ResolveChildDefinitionsPass: Resolving inheritance for "doctrine_cache.providers.doctrine.orm.default_query_cache" (parent: doctrine_cache.abstract.array).
Symfony\Component\DependencyInjection\Compiler\ResolveChildDefinitionsPass: Resolving inheritance for "doctrine.orm.default_manager_configurator" (parent: doctrine.orm.manager_configurator.abstract).
Symfony\Component\DependencyInjection\Compiler\ResolveChildDefinitionsPass: Resolving inheritance for "doctrine.orm.default_entity_manager" (parent: doctrine.orm.entity_manager.abstract).
Symfony\Component\DependencyInjection\Compiler\ResolveChildDefinitionsPass: Resolving inheritance for "maker.auto_command.make_auth" (parent: maker.auto_command.abstract).
Symfony\Component\DependencyInjection\Compiler\ResolveChildDefinitionsPass: Resolving inheritance for "maker.auto_command.make_command" (parent: maker.auto_command.abstract).
Symfony\Component\DependencyInjection\Compiler\ResolveChildDefinitionsPass: Resolving inheritance for "maker.auto_command.make_controller" (parent: maker.auto_command.abstract).
Symfony\Component\DependencyInjection\Compiler\ResolveChildDefinitionsPass: Resolving inheritance for "maker.auto_command.make_crud" (parent: maker.auto_command.abstract).
Symfony\Component\DependencyInjection\Compiler\ResolveChildDefinitionsPass: Resolving inheritance for "maker.auto_command.make_entity" (parent: maker.auto_command.abstract).
Symfony\Component\DependencyInjection\Compiler\ResolveChildDefinitionsPass: Resolving inheritance for "maker.auto_command.make_fixtures" (parent: maker.auto_command.abstract).
Symfony\Component\DependencyInjection\Compiler\ResolveChildDefinitionsPass: Resolving inheritance for "maker.auto_command.make_form" (parent: maker.auto_command.abstract).
Symfony\Component\DependencyInjection\Compiler\ResolveChildDefinitionsPass: Resolving inheritance for "maker.auto_command.make_functional_test" (parent: maker.auto_command.abstract).
Symfony\Component\DependencyInjection\Compiler\ResolveChildDefinitionsPass: Resolving inheritance for "maker.auto_command.make_registration_form" (parent: maker.auto_command.abstract).
Symfony\Component\DependencyInjection\Compiler\ResolveChildDefinitionsPass: Resolving inheritance for "maker.auto_command.make_serializer_encoder" (parent: maker.auto_command.abstract).
Symfony\Component\DependencyInjection\Compiler\ResolveChildDefinitionsPass: Resolving inheritance for "maker.auto_command.make_serializer_normalizer" (parent: maker.auto_command.abstract).
Symfony\Component\DependencyInjection\Compiler\ResolveChildDefinitionsPass: Resolving inheritance for "maker.auto_command.make_subscriber" (parent: maker.auto_command.abstract).
Symfony\Component\DependencyInjection\Compiler\ResolveChildDefinitionsPass: Resolving inheritance for "maker.auto_command.make_twig_extension" (parent: maker.auto_command.abstract).
Symfony\Component\DependencyInjection\Compiler\ResolveChildDefinitionsPass: Resolving inheritance for "maker.auto_command.make_unit_test" (parent: maker.auto_command.abstract).
Symfony\Component\DependencyInjection\Compiler\ResolveChildDefinitionsPass: Resolving inheritance for "maker.auto_command.make_validator" (parent: maker.auto_command.abstract).
Symfony\Component\DependencyInjection\Compiler\ResolveChildDefinitionsPass: Resolving inheritance for "maker.auto_command.make_voter" (parent: maker.auto_command.abstract).
Symfony\Component\DependencyInjection\Compiler\ResolveChildDefinitionsPass: Resolving inheritance for "maker.auto_command.make_user" (parent: maker.auto_command.abstract).
Symfony\Component\DependencyInjection\Compiler\ResolveChildDefinitionsPass: Resolving inheritance for "maker.auto_command.make_migration" (parent: maker.auto_command.abstract).
Symfony\Component\DependencyInjection\Compiler\AutowirePass: Cannot autowire service "SensioLabs\Security\SecurityChecker": argument "$crawler" of method "__construct()" references class "SensioLabs\Security\Crawler" but no such service exists.
Symfony\Component\DependencyInjection\Compiler\AutowirePass: Cannot autowire service "service_locator.gy_zfyn": it references class "App\Entity\Task" but no such service exists.
Symfony\Component\DependencyInjection\Compiler\AutowirePass: Cannot autowire service "service_locator.yscbjmj": it has type "Symfony\Component\Form\FormFactoryInterface" but this class was not found.
Symfony\Component\DependencyInjection\Compiler\AutowirePass: Cannot autowire service "service_locator.yscbjmj": it has type "Symfony\Component\Security\Core\Authorization\AuthorizationCheckerInterface" but this class was not found.
Symfony\Component\DependencyInjection\Compiler\AutowirePass: Cannot autowire service "service_locator.yscbjmj": it has type "Symfony\Component\Security\Csrf\CsrfTokenManagerInterface" but this class was not found.
Symfony\Component\DependencyInjection\Compiler\AutowirePass: Cannot autowire service "service_locator.yscbjmj": it has type "Symfony\Component\Security\Core\Authentication\Token\Storage\TokenStorageInterface" but this class was not found.
Symfony\Component\DependencyInjection\Compiler\AutowirePass: Cannot autowire service "service_locator.yscbjmj": it has type "Symfony\Component\Serializer\SerializerInterface" but this class was not found.
Symfony\Component\DependencyInjection\Compiler\AutowirePass: Cannot autowire service "service_locator.yscbjmj": it has type "Symfony\Component\Templating\EngineInterface" but this class was not found.
Symfony\Component\HttpKernel\DependencyInjection\RemoveEmptyControllerArgumentLocatorsPass: Removing service-argument resolver for controller "App\Controller\TaskController:view": no corresponding services exist for the referenced types.
Symfony\Component\DependencyInjection\Compiler\RemovePrivateAliasesPass: Removed service "Psr\Container\ContainerInterface"; reason: private alias.
Symfony\Component\DependencyInjection\Compiler\RemovePrivateAliasesPass: Removed service "Symfony\Component\DependencyInjection\ContainerInterface"; reason: private alias.
Symfony\Component\DependencyInjection\Compiler\RemovePrivateAliasesPass: Removed service "Symfony\Component\EventDispatcher\EventDispatcherInterface"; reason: private alias.
Symfony\Component\DependencyInjection\Compiler\RemovePrivateAliasesPass: Removed service "Symfony\Component\HttpKernel\HttpKernelInterface"; reason: private alias.
Symfony\Component\DependencyInjection\Compiler\RemovePrivateAliasesPass: Removed service "Symfony\Component\HttpFoundation\RequestStack"; reason: private alias.
Symfony\Component\DependencyInjection\Compiler\RemovePrivateAliasesPass: Removed service "Symfony\Component\HttpKernel\KernelInterface"; reason: private alias.
Symfony\Component\DependencyInjection\Compiler\RemovePrivateAliasesPass: Removed service "Symfony\Component\Filesystem\Filesystem"; reason: private alias.
Symfony\Component\DependencyInjection\Compiler\RemovePrivateAliasesPass: Removed service "Symfony\Component\HttpKernel\Config\FileLocator"; reason: private alias.
Symfony\Component\DependencyInjection\Compiler\RemovePrivateAliasesPass: Removed service "Psr\Cache\CacheItemPoolInterface"; reason: private alias.
Symfony\Component\DependencyInjection\Compiler\RemovePrivateAliasesPass: Removed service "Symfony\Component\Cache\Adapter\AdapterInterface"; reason: private alias.
Symfony\Component\DependencyInjection\Compiler\RemovePrivateAliasesPass: Removed service "Symfony\Component\Translation\TranslatorInterface"; reason: private alias.
Symfony\Component\DependencyInjection\Compiler\RemovePrivateAliasesPass: Removed service "Symfony\Component\HttpFoundation\Session\SessionInterface"; reason: private alias.
Symfony\Component\DependencyInjection\Compiler\RemovePrivateAliasesPass: Removed service "Symfony\Component\HttpFoundation\Session\Storage\SessionStorageInterface"; reason: private alias.
Symfony\Component\DependencyInjection\Compiler\RemovePrivateAliasesPass: Removed service "SessionHandlerInterface"; reason: private alias.
Symfony\Component\DependencyInjection\Compiler\RemovePrivateAliasesPass: Removed service "Symfony\Component\HttpFoundation\Session\Flash\FlashBagInterface"; reason: private alias.
Symfony\Component\DependencyInjection\Compiler\RemovePrivateAliasesPass: Removed service "Symfony\Component\Asset\Packages"; reason: private alias.
Symfony\Component\DependencyInjection\Compiler\RemovePrivateAliasesPass: Removed service "translator.formatter"; reason: private alias.
Symfony\Component\DependencyInjection\Compiler\RemovePrivateAliasesPass: Removed service "cache.default_redis_provider"; reason: private alias.
Symfony\Component\DependencyInjection\Compiler\RemovePrivateAliasesPass: Removed service "cache.default_memcached_provider"; reason: private alias.
Symfony\Component\DependencyInjection\Compiler\RemovePrivateAliasesPass: Removed service "Symfony\Component\HttpKernel\Debug\FileLinkFormatter"; reason: private alias.
Symfony\Component\DependencyInjection\Compiler\RemovePrivateAliasesPass: Removed service "Symfony\Component\Stopwatch\Stopwatch"; reason: private alias.
Symfony\Component\DependencyInjection\Compiler\RemovePrivateAliasesPass: Removed service "Symfony\Component\Routing\RouterInterface"; reason: private alias.
Symfony\Component\DependencyInjection\Compiler\RemovePrivateAliasesPass: Removed service "Symfony\Component\Routing\Generator\UrlGeneratorInterface"; reason: private alias.
Symfony\Component\DependencyInjection\Compiler\RemovePrivateAliasesPass: Removed service "Symfony\Component\Routing\Matcher\UrlMatcherInterface"; reason: private alias.
Symfony\Component\DependencyInjection\Compiler\RemovePrivateAliasesPass: Removed service "Symfony\Component\Routing\RequestContextAwareInterface"; reason: private alias.
Symfony\Component\DependencyInjection\Compiler\RemovePrivateAliasesPass: Removed service "Symfony\Component\Routing\RequestContext"; reason: private alias.
Symfony\Component\DependencyInjection\Compiler\RemovePrivateAliasesPass: Removed service "Doctrine\Common\Annotations\Reader"; reason: private alias.
Symfony\Component\DependencyInjection\Compiler\RemovePrivateAliasesPass: Removed service "Twig_Environment"; reason: private alias.
Symfony\Component\DependencyInjection\Compiler\RemovePrivateAliasesPass: Removed service "Twig\Environment"; reason: private alias.
Symfony\Component\DependencyInjection\Compiler\RemovePrivateAliasesPass: Removed service "Doctrine\DBAL\Driver\Connection"; reason: private alias.
Symfony\Component\DependencyInjection\Compiler\RemovePrivateAliasesPass: Removed service "Doctrine\DBAL\Connection"; reason: private alias.
Symfony\Component\DependencyInjection\Compiler\RemovePrivateAliasesPass: Removed service "Doctrine\Common\Persistence\ManagerRegistry"; reason: private alias.
Symfony\Component\DependencyInjection\Compiler\RemovePrivateAliasesPass: Removed service "Symfony\Bridge\Doctrine\RegistryInterface"; reason: private alias.
Symfony\Component\DependencyInjection\Compiler\RemovePrivateAliasesPass: Removed service "doctrine.dbal.event_manager"; reason: private alias.
Symfony\Component\DependencyInjection\Compiler\RemovePrivateAliasesPass: Removed service "Doctrine\Common\Persistence\ObjectManager"; reason: private alias.
Symfony\Component\DependencyInjection\Compiler\RemovePrivateAliasesPass: Removed service "Doctrine\ORM\EntityManagerInterface"; reason: private alias.
Symfony\Component\DependencyInjection\Compiler\RemovePrivateAliasesPass: Removed service "doctrine.orm.metadata.annotation_reader"; reason: private alias.
Symfony\Component\DependencyInjection\Compiler\RemovePrivateAliasesPass: Removed service "doctrine.orm.default_entity_manager.event_manager"; reason: private alias.
Symfony\Component\DependencyInjection\Compiler\RemovePrivateAliasesPass: Removed service "twig.loader.filesystem"; reason: private alias.
Symfony\Component\DependencyInjection\Compiler\RemovePrivateAliasesPass: Removed service "Psr\Log\LoggerInterface"; reason: private alias.
Symfony\Component\DependencyInjection\Compiler\RemovePrivateAliasesPass: Removed service "service_locator._fpuy7b"; reason: private alias.
Symfony\Component\DependencyInjection\Compiler\RemovePrivateAliasesPass: Removed service "translator.data_collector.inner"; reason: private alias.
Symfony\Component\DependencyInjection\Compiler\RemovePrivateAliasesPass: Removed service "controller_resolver"; reason: private alias.
Symfony\Component\DependencyInjection\Compiler\RemovePrivateAliasesPass: Removed service "argument_resolver"; reason: private alias.
Symfony\Component\DependencyInjection\Compiler\ReplaceAliasByActualDefinitionPass: Changed reference of service "Twig\Extensions\DateExtension" previously pointing to "translator.data_collector" to "translator".
Symfony\Component\DependencyInjection\Compiler\ReplaceAliasByActualDefinitionPass: Changed reference of service "locale_listener" previously pointing to "router.default" to "router".
Symfony\Component\DependencyInjection\Compiler\ReplaceAliasByActualDefinitionPass: Changed reference of service "console.command.router_debug" previously pointing to "router.default" to "router".
Symfony\Component\DependencyInjection\Compiler\ReplaceAliasByActualDefinitionPass: Changed reference of service "console.command.router_match" previously pointing to "router.default" to "router".
Symfony\Component\DependencyInjection\Compiler\ReplaceAliasByActualDefinitionPass: Changed reference of service "console.command.translation_debug" previously pointing to "translator.data_collector" to "translator".
Symfony\Component\DependencyInjection\Compiler\ReplaceAliasByActualDefinitionPass: Changed reference of service "translator_listener" previously pointing to "translator.data_collector" to "translator".
Symfony\Component\DependencyInjection\Compiler\ReplaceAliasByActualDefinitionPass: Changed reference of service "data_collector.translation" previously pointing to "translator.data_collector" to "translator".
Symfony\Component\DependencyInjection\Compiler\ReplaceAliasByActualDefinitionPass: Changed reference of service "router_listener" previously pointing to "router.default" to "router".
Symfony\Component\DependencyInjection\Compiler\ReplaceAliasByActualDefinitionPass: Changed reference of service "Symfony\Bundle\FrameworkBundle\Controller\RedirectController" previously pointing to "router.default" to "router".
Symfony\Component\DependencyInjection\Compiler\ReplaceAliasByActualDefinitionPass: Changed reference of service "routing.loader.annotation" previously pointing to "annotations.cached_reader" to "annotation_reader".
Symfony\Component\DependencyInjection\Compiler\ReplaceAliasByActualDefinitionPass: Changed reference of service "sensio_framework_extra.controller.listener" previously pointing to "annotations.cached_reader" to "annotation_reader".
Symfony\Component\DependencyInjection\Compiler\ReplaceAliasByActualDefinitionPass: Changed reference of service "twig" previously pointing to "twig.loader.native_filesystem" to "twig.loader".
Symfony\Component\DependencyInjection\Compiler\ReplaceAliasByActualDefinitionPass: Changed reference of service "twig.extension.trans" previously pointing to "translator.data_collector" to "translator".
Symfony\Component\DependencyInjection\Compiler\ReplaceAliasByActualDefinitionPass: Changed reference of service "twig.extension.routing" previously pointing to "router.default" to "router".
Symfony\Component\DependencyInjection\Compiler\ReplaceAliasByActualDefinitionPass: Changed reference of service "web_profiler.controller.profiler" previously pointing to "router.default" to "router".
Symfony\Component\DependencyInjection\Compiler\ReplaceAliasByActualDefinitionPass: Changed reference of service "web_profiler.controller.router" previously pointing to "router.default" to "router".
Symfony\Component\DependencyInjection\Compiler\ReplaceAliasByActualDefinitionPass: Changed reference of service "debug.file_link_formatter.url_format" previously pointing to "router.default" to "router".
Symfony\Component\DependencyInjection\Compiler\ReplaceAliasByActualDefinitionPass: Changed reference of service "web_profiler.debug_toolbar" previously pointing to "router.default" to "router".
Symfony\Component\DependencyInjection\Compiler\ReplaceAliasByActualDefinitionPass: Changed reference of service "doctrine.orm.default_annotation_metadata_driver" previously pointing to "annotations.cached_reader" to "annotation_reader".
Symfony\Component\DependencyInjection\Compiler\ReplaceAliasByActualDefinitionPass: Changed reference of service "maker.maker.make_registration_form" previously pointing to "router.default" to "router".
Symfony\Component\DependencyInjection\Compiler\ReplaceAliasByActualDefinitionPass: Changed reference of service "knp_paginator.helper.processor" previously pointing to "router.default" to "router".
Symfony\Component\DependencyInjection\Compiler\ReplaceAliasByActualDefinitionPass: Changed reference of service "knp_paginator.helper.processor" previously pointing to "translator.data_collector" to "translator".
Symfony\Component\DependencyInjection\Compiler\ReplaceAliasByActualDefinitionPass: Changed reference of service "service_locator.yscbjmj" previously pointing to "router.default" to "router".
Symfony\Component\DependencyInjection\Compiler\ReplaceAliasByActualDefinitionPass: Changed reference of service "service_locator.0zsy1k0" previously pointing to "translator.data_collector" to "translator".
Symfony\Component\DependencyInjection\Compiler\ReplaceAliasByActualDefinitionPass: Changed reference of service "service_locator.lluwcxp" previously pointing to "router.default" to "router".
Symfony\Component\DependencyInjection\Compiler\RemoveAbstractDefinitionsPass: Removed service "cache.adapter.system"; reason: abstract.
Symfony\Component\DependencyInjection\Compiler\RemoveAbstractDefinitionsPass: Removed service "cache.adapter.apcu"; reason: abstract.
Symfony\Component\DependencyInjection\Compiler\RemoveAbstractDefinitionsPass: Removed service "cache.adapter.doctrine"; reason: abstract.
Symfony\Component\DependencyInjection\Compiler\RemoveAbstractDefinitionsPass: Removed service "cache.adapter.filesystem"; reason: abstract.
Symfony\Component\DependencyInjection\Compiler\RemoveAbstractDefinitionsPass: Removed service "cache.adapter.psr6"; reason: abstract.
Symfony\Component\DependencyInjection\Compiler\RemoveAbstractDefinitionsPass: Removed service "cache.adapter.redis"; reason: abstract.
Symfony\Component\DependencyInjection\Compiler\RemoveAbstractDefinitionsPass: Removed service "cache.adapter.memcached"; reason: abstract.
Symfony\Component\DependencyInjection\Compiler\RemoveAbstractDefinitionsPass: Removed service "assets.path_package"; reason: abstract.
Symfony\Component\DependencyInjection\Compiler\RemoveAbstractDefinitionsPass: Removed service "assets.url_package"; reason: abstract.
Symfony\Component\DependencyInjection\Compiler\RemoveAbstractDefinitionsPass: Removed service "assets.static_version_strategy"; reason: abstract.
Symfony\Component\DependencyInjection\Compiler\RemoveAbstractDefinitionsPass: Removed service "assets.json_manifest_version_strategy"; reason: abstract.
Symfony\Component\DependencyInjection\Compiler\RemoveAbstractDefinitionsPass: Removed service "doctrine_cache.abstract.apc"; reason: abstract.
Symfony\Component\DependencyInjection\Compiler\RemoveAbstractDefinitionsPass: Removed service "doctrine_cache.abstract.apcu"; reason: abstract.
Symfony\Component\DependencyInjection\Compiler\RemoveAbstractDefinitionsPass: Removed service "doctrine_cache.abstract.array"; reason: abstract.
Symfony\Component\DependencyInjection\Compiler\RemoveAbstractDefinitionsPass: Removed service "doctrine_cache.abstract.chain"; reason: abstract.
Symfony\Component\DependencyInjection\Compiler\RemoveAbstractDefinitionsPass: Removed service "doctrine_cache.abstract.couchbase"; reason: abstract.
Symfony\Component\DependencyInjection\Compiler\RemoveAbstractDefinitionsPass: Removed service "doctrine_cache.abstract.file_system"; reason: abstract.
Symfony\Component\DependencyInjection\Compiler\RemoveAbstractDefinitionsPass: Removed service "doctrine_cache.abstract.php_file"; reason: abstract.
Symfony\Component\DependencyInjection\Compiler\RemoveAbstractDefinitionsPass: Removed service "doctrine_cache.abstract.memcache"; reason: abstract.
Symfony\Component\DependencyInjection\Compiler\RemoveAbstractDefinitionsPass: Removed service "doctrine_cache.abstract.memcached"; reason: abstract.
Symfony\Component\DependencyInjection\Compiler\RemoveAbstractDefinitionsPass: Removed service "doctrine_cache.abstract.mongodb"; reason: abstract.
Symfony\Component\DependencyInjection\Compiler\RemoveAbstractDefinitionsPass: Removed service "doctrine_cache.abstract.redis"; reason: abstract.
Symfony\Component\DependencyInjection\Compiler\RemoveAbstractDefinitionsPass: Removed service "doctrine_cache.abstract.predis"; reason: abstract.
Symfony\Component\DependencyInjection\Compiler\RemoveAbstractDefinitionsPass: Removed service "doctrine_cache.abstract.riak"; reason: abstract.
Symfony\Component\DependencyInjection\Compiler\RemoveAbstractDefinitionsPass: Removed service "doctrine_cache.abstract.sqlite3"; reason: abstract.
Symfony\Component\DependencyInjection\Compiler\RemoveAbstractDefinitionsPass: Removed service "doctrine_cache.abstract.void"; reason: abstract.
Symfony\Component\DependencyInjection\Compiler\RemoveAbstractDefinitionsPass: Removed service "doctrine_cache.abstract.wincache"; reason: abstract.
Symfony\Component\DependencyInjection\Compiler\RemoveAbstractDefinitionsPass: Removed service "doctrine_cache.abstract.xcache"; reason: abstract.
Symfony\Component\DependencyInjection\Compiler\RemoveAbstractDefinitionsPass: Removed service "doctrine_cache.abstract.zenddata"; reason: abstract.
Symfony\Component\DependencyInjection\Compiler\RemoveAbstractDefinitionsPass: Removed service "doctrine.dbal.logger.chain"; reason: abstract.
Symfony\Component\DependencyInjection\Compiler\RemoveAbstractDefinitionsPass: Removed service "doctrine.dbal.logger.profiling"; reason: abstract.
Symfony\Component\DependencyInjection\Compiler\RemoveAbstractDefinitionsPass: Removed service "doctrine.dbal.connection"; reason: abstract.
Symfony\Component\DependencyInjection\Compiler\RemoveAbstractDefinitionsPass: Removed service "doctrine.dbal.connection.event_manager"; reason: abstract.
Symfony\Component\DependencyInjection\Compiler\RemoveAbstractDefinitionsPass: Removed service "doctrine.dbal.connection.configuration"; reason: abstract.
Symfony\Component\DependencyInjection\Compiler\RemoveAbstractDefinitionsPass: Removed service "doctrine.orm.configuration"; reason: abstract.
Symfony\Component\DependencyInjection\Compiler\RemoveAbstractDefinitionsPass: Removed service "doctrine.orm.entity_manager.abstract"; reason: abstract.
Symfony\Component\DependencyInjection\Compiler\RemoveAbstractDefinitionsPass: Removed service "doctrine.orm.manager_configurator.abstract"; reason: abstract.
Symfony\Component\DependencyInjection\Compiler\RemoveAbstractDefinitionsPass: Removed service "doctrine.orm.security.user.provider"; reason: abstract.
Symfony\Component\DependencyInjection\Compiler\RemoveAbstractDefinitionsPass: Removed service "maker.auto_command.abstract"; reason: abstract.
Symfony\Component\DependencyInjection\Compiler\RemoveAbstractDefinitionsPass: Removed service "instanceof.Symfony\Component\Console\Command\Command.0.SensioLabs\Security\Command\SecurityCheckerCommand"; reason: abstract.
Symfony\Component\DependencyInjection\Compiler\RemoveAbstractDefinitionsPass: Removed service "abstract.instanceof.SensioLabs\Security\Command\SecurityCheckerCommand"; reason: abstract.
Symfony\Component\DependencyInjection\Compiler\RemoveAbstractDefinitionsPass: Removed service "instanceof.Twig_ExtensionInterface.0.Twig\Extensions\DateExtension"; reason: abstract.
Symfony\Component\DependencyInjection\Compiler\RemoveAbstractDefinitionsPass: Removed service "instanceof.Twig\Extension\ExtensionInterface.0.Twig\Extensions\DateExtension"; reason: abstract.
Symfony\Component\DependencyInjection\Compiler\RemoveAbstractDefinitionsPass: Removed service "abstract.instanceof.Twig\Extensions\DateExtension"; reason: abstract.
Symfony\Component\DependencyInjection\Compiler\RemoveAbstractDefinitionsPass: Removed service "instanceof.Twig_ExtensionInterface.0.Twig\Extensions\IntlExtension"; reason: abstract.
Symfony\Component\DependencyInjection\Compiler\RemoveAbstractDefinitionsPass: Removed service "instanceof.Twig\Extension\ExtensionInterface.0.Twig\Extensions\IntlExtension"; reason: abstract.
Symfony\Component\DependencyInjection\Compiler\RemoveAbstractDefinitionsPass: Removed service "abstract.instanceof.Twig\Extensions\IntlExtension"; reason: abstract.
Symfony\Component\DependencyInjection\Compiler\RemoveAbstractDefinitionsPass: Removed service "instanceof.Symfony\Component\DependencyInjection\ServiceSubscriberInterface.0.App\Controller\HelloController"; reason: abstract.
Symfony\Component\DependencyInjection\Compiler\RemoveAbstractDefinitionsPass: Removed service "instanceof.Symfony\Bundle\FrameworkBundle\Controller\AbstractController.0.App\Controller\HelloController"; reason: abstract.
Symfony\Component\DependencyInjection\Compiler\RemoveAbstractDefinitionsPass: Removed service "abstract.instanceof.App\Controller\HelloController"; reason: abstract.
Symfony\Component\DependencyInjection\Compiler\RemoveAbstractDefinitionsPass: Removed service "instanceof.Symfony\Component\DependencyInjection\ServiceSubscriberInterface.0.App\Controller\TaskController"; reason: abstract.
Symfony\Component\DependencyInjection\Compiler\RemoveAbstractDefinitionsPass: Removed service "instanceof.Symfony\Bundle\FrameworkBundle\Controller\AbstractController.0.App\Controller\TaskController"; reason: abstract.
Symfony\Component\DependencyInjection\Compiler\RemoveAbstractDefinitionsPass: Removed service "abstract.instanceof.App\Controller\TaskController"; reason: abstract.
Symfony\Component\DependencyInjection\Compiler\RemoveAbstractDefinitionsPass: Removed service "instanceof.Symfony\Component\DependencyInjection\ServiceSubscriberInterface.0.App\Controller\TestController"; reason: abstract.
Symfony\Component\DependencyInjection\Compiler\RemoveAbstractDefinitionsPass: Removed service "instanceof.Symfony\Bundle\FrameworkBundle\Controller\AbstractController.0.App\Controller\TestController"; reason: abstract.
Symfony\Component\DependencyInjection\Compiler\RemoveAbstractDefinitionsPass: Removed service "abstract.instanceof.App\Controller\TestController"; reason: abstract.
Symfony\Component\DependencyInjection\Compiler\RemoveAbstractDefinitionsPass: Removed service "instanceof.Doctrine\Bundle\FixturesBundle\ORMFixtureInterface.0.App\DataFixtures\AppFixtures"; reason: abstract.
Symfony\Component\DependencyInjection\Compiler\RemoveAbstractDefinitionsPass: Removed service "abstract.instanceof.App\DataFixtures\AppFixtures"; reason: abstract.
Symfony\Component\DependencyInjection\Compiler\RemoveAbstractDefinitionsPass: Removed service "instanceof.Doctrine\Bundle\FixturesBundle\ORMFixtureInterface.0.App\DataFixtures\TaskFixtures"; reason: abstract.
Symfony\Component\DependencyInjection\Compiler\RemoveAbstractDefinitionsPass: Removed service "abstract.instanceof.App\DataFixtures\TaskFixtures"; reason: abstract.
Symfony\Component\DependencyInjection\Compiler\RemoveAbstractDefinitionsPass: Removed service "instanceof.Doctrine\Bundle\DoctrineBundle\Repository\ServiceEntityRepositoryInterface.0.App\Repository\TaskRepository"; reason: abstract.
Symfony\Component\DependencyInjection\Compiler\RemoveAbstractDefinitionsPass: Removed service "abstract.instanceof.App\Repository\TaskRepository"; reason: abstract.
Symfony\Component\DependencyInjection\Compiler\InlineServiceDefinitionsPass: Inlined service "service_locator.yscbjmj.App\Controller\HelloController" to "App\Controller\HelloController".
Symfony\Component\DependencyInjection\Compiler\InlineServiceDefinitionsPass: Inlined service "service_locator.yscbjmj.App\Controller\TaskController" to "App\Controller\TaskController".
Symfony\Component\DependencyInjection\Compiler\InlineServiceDefinitionsPass: Inlined service "service_locator.yscbjmj.App\Controller\TestController" to "App\Controller\TestController".
Symfony\Component\DependencyInjection\Compiler\InlineServiceDefinitionsPass: Inlined service "service_locator.knfluyi" to "argument_resolver.service".
Symfony\Component\DependencyInjection\Compiler\InlineServiceDefinitionsPass: Inlined service "service_locator.w7xlwgx" to "fragment.handler".
Symfony\Component\DependencyInjection\Compiler\InlineServiceDefinitionsPass: Inlined service "cache.app.recorder_inner" to "cache.app".
Symfony\Component\DependencyInjection\Compiler\InlineServiceDefinitionsPass: Inlined service "cache.system.recorder_inner" to "cache.system".
Symfony\Component\DependencyInjection\Compiler\InlineServiceDefinitionsPass: Inlined service "cache.validator.recorder_inner" to "cache.validator".
Symfony\Component\DependencyInjection\Compiler\InlineServiceDefinitionsPass: Inlined service "cache.serializer.recorder_inner" to "cache.serializer".
Symfony\Component\DependencyInjection\Compiler\InlineServiceDefinitionsPass: Inlined service "cache.annotations.recorder_inner" to "cache.annotations".
Symfony\Component\DependencyInjection\Compiler\InlineServiceDefinitionsPass: Inlined service "session.attribute_bag" to "session".
Symfony\Component\DependencyInjection\Compiler\InlineServiceDefinitionsPass: Inlined service "session.flash_bag" to "session".
Symfony\Component\DependencyInjection\Compiler\InlineServiceDefinitionsPass: Inlined service "1_NativeFileSessionHandler~mjwtg8g" to "session.handler.native_file".
Symfony\Component\DependencyInjection\Compiler\InlineServiceDefinitionsPass: Inlined service "2_ServiceLocator~mjwtg8g" to "session_listener".
Symfony\Component\DependencyInjection\Compiler\InlineServiceDefinitionsPass: Inlined service "assets._default_package" to "assets.packages".
Symfony\Component\DependencyInjection\Compiler\InlineServiceDefinitionsPass: Inlined service "service_locator.yepb.pt" to "translator.default".
Symfony\Component\DependencyInjection\Compiler\InlineServiceDefinitionsPass: Inlined service "translator.formatter.default" to "translator.default".
Symfony\Component\DependencyInjection\Compiler\InlineServiceDefinitionsPass: Inlined service "translator.selector" to "translator.formatter.default".
Symfony\Component\DependencyInjection\Compiler\InlineServiceDefinitionsPass: Inlined service "translation.dumper.yaml" to "translation.writer".
Symfony\Component\DependencyInjection\Compiler\InlineServiceDefinitionsPass: Inlined service "service_locator.0zsy1k0.translation.warmer" to "translation.warmer".
Symfony\Component\DependencyInjection\Compiler\InlineServiceDefinitionsPass: Inlined service "profiler.storage" to "profiler".
Symfony\Component\DependencyInjection\Compiler\InlineServiceDefinitionsPass: Inlined service "data_collector.time" to "profiler".
Symfony\Component\DependencyInjection\Compiler\InlineServiceDefinitionsPass: Inlined service "data_collector.memory" to "profiler".
Symfony\Component\DependencyInjection\Compiler\InlineServiceDefinitionsPass: Inlined service "data_collector.ajax" to "profiler".
Symfony\Component\DependencyInjection\Compiler\InlineServiceDefinitionsPass: Inlined service "data_collector.exception" to "profiler".
Symfony\Component\DependencyInjection\Compiler\InlineServiceDefinitionsPass: Inlined service "data_collector.logger" to "profiler".
Symfony\Component\DependencyInjection\Compiler\InlineServiceDefinitionsPass: Inlined service "data_collector.events" to "profiler".
Symfony\Component\DependencyInjection\Compiler\InlineServiceDefinitionsPass: Inlined service "data_collector.cache" to "profiler".
Symfony\Component\DependencyInjection\Compiler\InlineServiceDefinitionsPass: Inlined service "data_collector.twig" to "profiler".
Symfony\Component\DependencyInjection\Compiler\InlineServiceDefinitionsPass: Inlined service "data_collector.doctrine" to "profiler".
Symfony\Component\DependencyInjection\Compiler\InlineServiceDefinitionsPass: Inlined service "data_collector.config" to "profiler".
Symfony\Component\DependencyInjection\Compiler\InlineServiceDefinitionsPass: Inlined service "debug.event_dispatcher.inner" to "debug.event_dispatcher".
Symfony\Component\DependencyInjection\Compiler\InlineServiceDefinitionsPass: Inlined service "debug.controller_resolver.inner" to "debug.controller_resolver".
Symfony\Component\DependencyInjection\Compiler\InlineServiceDefinitionsPass: Inlined service "debug.argument_resolver.inner" to "debug.argument_resolver".
Symfony\Component\DependencyInjection\Compiler\InlineServiceDefinitionsPass: Inlined service "routing.loader.xml" to "routing.resolver".
Symfony\Component\DependencyInjection\Compiler\InlineServiceDefinitionsPass: Inlined service "routing.loader.yml" to "routing.resolver".
Symfony\Component\DependencyInjection\Compiler\InlineServiceDefinitionsPass: Inlined service "routing.loader.php" to "routing.resolver".
Symfony\Component\DependencyInjection\Compiler\InlineServiceDefinitionsPass: Inlined service "routing.loader.glob" to "routing.resolver".
Symfony\Component\DependencyInjection\Compiler\InlineServiceDefinitionsPass: Inlined service "routing.loader.directory" to "routing.resolver".
Symfony\Component\DependencyInjection\Compiler\InlineServiceDefinitionsPass: Inlined service "routing.loader.service" to "routing.resolver".
Symfony\Component\DependencyInjection\Compiler\InlineServiceDefinitionsPass: Inlined service "routing.loader.annotation.directory" to "routing.resolver".
Symfony\Component\DependencyInjection\Compiler\InlineServiceDefinitionsPass: Inlined service "routing.loader.annotation.file" to "routing.resolver".
Symfony\Component\DependencyInjection\Compiler\InlineServiceDefinitionsPass: Inlined service "routing.resolver" to "routing.loader".
Symfony\Component\DependencyInjection\Compiler\InlineServiceDefinitionsPass: Inlined service "service_locator.lluwcxp.router.cache_warmer" to "router.cache_warmer".
Symfony\Component\DependencyInjection\Compiler\InlineServiceDefinitionsPass: Inlined service "annotations.dummy_registry" to "annotations.reader".
Symfony\Component\DependencyInjection\Compiler\InlineServiceDefinitionsPass: Inlined service "2_PhpArrayAdapter~3an7aed" to "annotations.cache".
Symfony\Component\DependencyInjection\Compiler\InlineServiceDefinitionsPass: Inlined service "sensio_framework_extra.converter.doctrine.orm" to "sensio_framework_extra.converter.manager".
Symfony\Component\DependencyInjection\Compiler\InlineServiceDefinitionsPass: Inlined service "framework_extra_bundle.date_time_param_converter" to "sensio_framework_extra.converter.manager".
Symfony\Component\DependencyInjection\Compiler\InlineServiceDefinitionsPass: Inlined service "sensio_framework_extra.view.guesser" to "sensio_framework_extra.view.listener".
Symfony\Component\DependencyInjection\Compiler\InlineServiceDefinitionsPass: Inlined service "framework_extra_bundle.argument_name_convertor" to "framework_extra_bundle.event.is_granted".
Symfony\Component\DependencyInjection\Compiler\InlineServiceDefinitionsPass: Inlined service "twig.extension.profiler" to "twig".
Symfony\Component\DependencyInjection\Compiler\InlineServiceDefinitionsPass: Inlined service "twig.extension.trans" to "twig".
Symfony\Component\DependencyInjection\Compiler\InlineServiceDefinitionsPass: Inlined service "twig.extension.assets" to "twig".
Symfony\Component\DependencyInjection\Compiler\InlineServiceDefinitionsPass: Inlined service "twig.extension.code" to "twig".
Symfony\Component\DependencyInjection\Compiler\InlineServiceDefinitionsPass: Inlined service "twig.extension.routing" to "twig".
Symfony\Component\DependencyInjection\Compiler\InlineServiceDefinitionsPass: Inlined service "twig.extension.yaml" to "twig".
Symfony\Component\DependencyInjection\Compiler\InlineServiceDefinitionsPass: Inlined service "twig.extension.debug.stopwatch" to "twig".
Symfony\Component\DependencyInjection\Compiler\InlineServiceDefinitionsPass: Inlined service "twig.extension.httpkernel" to "twig".
Symfony\Component\DependencyInjection\Compiler\InlineServiceDefinitionsPass: Inlined service "twig.extension.httpfoundation" to "twig".
Symfony\Component\DependencyInjection\Compiler\InlineServiceDefinitionsPass: Inlined service "Twig\Extensions\DateExtension" to "twig".
Symfony\Component\DependencyInjection\Compiler\InlineServiceDefinitionsPass: Inlined service "Twig\Extensions\IntlExtension" to "twig".
Symfony\Component\DependencyInjection\Compiler\InlineServiceDefinitionsPass: Inlined service "twig.extension.debug" to "twig".
Symfony\Component\DependencyInjection\Compiler\InlineServiceDefinitionsPass: Inlined service "twig.extension.webprofiler" to "twig".
Symfony\Component\DependencyInjection\Compiler\InlineServiceDefinitionsPass: Inlined service "doctrine.twig.doctrine_extension" to "twig".
Symfony\Component\DependencyInjection\Compiler\InlineServiceDefinitionsPass: Inlined service "twig.app_variable" to "twig".
Symfony\Component\DependencyInjection\Compiler\InlineServiceDefinitionsPass: Inlined service "twig.runtime_loader" to "twig".
Symfony\Component\DependencyInjection\Compiler\InlineServiceDefinitionsPass: Inlined service "twig.configurator.environment" to "twig".
Symfony\Component\DependencyInjection\Compiler\InlineServiceDefinitionsPass: Inlined service "service_locator.c7_qahl.twig.cache_warmer" to "twig.cache_warmer".
Symfony\Component\DependencyInjection\Compiler\InlineServiceDefinitionsPass: Inlined service "service_locator.2m3e4be.twig.template_cache_warmer" to "twig.template_cache_warmer".
Symfony\Component\DependencyInjection\Compiler\InlineServiceDefinitionsPass: Inlined service "twig.template_iterator" to "twig.template_cache_warmer".
Symfony\Component\DependencyInjection\Compiler\InlineServiceDefinitionsPass: Inlined service "service_locator.8iplfhr" to "twig.runtime_loader".
Symfony\Component\DependencyInjection\Compiler\InlineServiceDefinitionsPass: Inlined service "1_NonceGenerator~as8omxs" to "web_profiler.csp.handler".
Symfony\Component\DependencyInjection\Compiler\InlineServiceDefinitionsPass: Inlined service "2_HtmlDumper~as8omxs" to "twig.extension.webprofiler".
Symfony\Component\DependencyInjection\Compiler\InlineServiceDefinitionsPass: Inlined service "doctrine.dbal.logger.chain.default" to "doctrine.dbal.default_connection.configuration".
Symfony\Component\DependencyInjection\Compiler\InlineServiceDefinitionsPass: Inlined service "doctrine.dbal.logger" to "doctrine.dbal.logger.chain.default".
Symfony\Component\DependencyInjection\Compiler\InlineServiceDefinitionsPass: Inlined service "doctrine.dbal.default_connection.configuration" to "doctrine.dbal.default_connection".
Symfony\Component\DependencyInjection\Compiler\InlineServiceDefinitionsPass: Inlined service "doctrine.dbal.default_connection.event_manager" to "doctrine.dbal.default_connection".
Symfony\Component\DependencyInjection\Compiler\InlineServiceDefinitionsPass: Inlined service "service_locator.z1uw9dp" to "doctrine.orm.container_repository_factory".
Symfony\Component\DependencyInjection\Compiler\InlineServiceDefinitionsPass: Inlined service "doctrine.orm.default_metadata_driver" to "doctrine.orm.default_configuration".
Symfony\Component\DependencyInjection\Compiler\InlineServiceDefinitionsPass: Inlined service "doctrine.orm.naming_strategy.underscore" to "doctrine.orm.default_configuration".
Symfony\Component\DependencyInjection\Compiler\InlineServiceDefinitionsPass: Inlined service "doctrine.orm.quote_strategy.default" to "doctrine.orm.default_configuration".
Symfony\Component\DependencyInjection\Compiler\InlineServiceDefinitionsPass: Inlined service "doctrine.orm.container_repository_factory" to "doctrine.orm.default_configuration".
Symfony\Component\DependencyInjection\Compiler\InlineServiceDefinitionsPass: Inlined service "doctrine.orm.default_annotation_metadata_driver" to "doctrine.orm.default_metadata_driver".
Symfony\Component\DependencyInjection\Compiler\InlineServiceDefinitionsPass: Inlined service "doctrine.orm.default_configuration" to "doctrine.orm.default_entity_manager".
Symfony\Component\DependencyInjection\Compiler\InlineServiceDefinitionsPass: Inlined service "maker.autoloader_util" to "maker.file_manager".
Symfony\Component\DependencyInjection\Compiler\InlineServiceDefinitionsPass: Inlined service "maker.autoloader_finder" to "maker.autoloader_util".
Symfony\Component\DependencyInjection\Compiler\InlineServiceDefinitionsPass: Inlined service "maker.event_registry" to "maker.maker.make_subscriber".
Symfony\Component\DependencyInjection\Compiler\InlineServiceDefinitionsPass: Inlined service "maker.user_class_builder" to "maker.maker.make_user".
Symfony\Component\DependencyInjection\Compiler\InlineServiceDefinitionsPass: Inlined service "doctrine.fixtures.loader" to "doctrine.fixtures_load_command".
Symfony\Component\DependencyInjection\Compiler\InlineServiceDefinitionsPass: Inlined service "App\DataFixtures\AppFixtures" to "doctrine.fixtures.loader".
Symfony\Component\DependencyInjection\Compiler\InlineServiceDefinitionsPass: Inlined service "App\DataFixtures\TaskFixtures" to "doctrine.fixtures.loader".
Symfony\Component\DependencyInjection\Compiler\InlineServiceDefinitionsPass: Inlined service "maker.maker.make_authenticator" to "maker.auto_command.make_auth".
Symfony\Component\DependencyInjection\Compiler\InlineServiceDefinitionsPass: Inlined service "maker.maker.make_command" to "maker.auto_command.make_command".
Symfony\Component\DependencyInjection\Compiler\InlineServiceDefinitionsPass: Inlined service "maker.maker.make_controller" to "maker.auto_command.make_controller".
Symfony\Component\DependencyInjection\Compiler\InlineServiceDefinitionsPass: Inlined service "maker.maker.make_crud" to "maker.auto_command.make_crud".
Symfony\Component\DependencyInjection\Compiler\InlineServiceDefinitionsPass: Inlined service "maker.maker.make_entity" to "maker.auto_command.make_entity".
Symfony\Component\DependencyInjection\Compiler\InlineServiceDefinitionsPass: Inlined service "maker.maker.make_fixtures" to "maker.auto_command.make_fixtures".
Symfony\Component\DependencyInjection\Compiler\InlineServiceDefinitionsPass: Inlined service "maker.maker.make_form" to "maker.auto_command.make_form".
Symfony\Component\DependencyInjection\Compiler\InlineServiceDefinitionsPass: Inlined service "maker.maker.make_functional_test" to "maker.auto_command.make_functional_test".
Symfony\Component\DependencyInjection\Compiler\InlineServiceDefinitionsPass: Inlined service "maker.maker.make_registration_form" to "maker.auto_command.make_registration_form".
Symfony\Component\DependencyInjection\Compiler\InlineServiceDefinitionsPass: Inlined service "maker.maker.make_serializer_encoder" to "maker.auto_command.make_serializer_encoder".
Symfony\Component\DependencyInjection\Compiler\InlineServiceDefinitionsPass: Inlined service "maker.maker.make_serializer_normalizer" to "maker.auto_command.make_serializer_normalizer".
Symfony\Component\DependencyInjection\Compiler\InlineServiceDefinitionsPass: Inlined service "maker.maker.make_subscriber" to "maker.auto_command.make_subscriber".
Symfony\Component\DependencyInjection\Compiler\InlineServiceDefinitionsPass: Inlined service "maker.maker.make_twig_extension" to "maker.auto_command.make_twig_extension".
Symfony\Component\DependencyInjection\Compiler\InlineServiceDefinitionsPass: Inlined service "maker.maker.make_unit_test" to "maker.auto_command.make_unit_test".
Symfony\Component\DependencyInjection\Compiler\InlineServiceDefinitionsPass: Inlined service "maker.maker.make_validator" to "maker.auto_command.make_validator".
Symfony\Component\DependencyInjection\Compiler\InlineServiceDefinitionsPass: Inlined service "maker.maker.make_voter" to "maker.auto_command.make_voter".
Symfony\Component\DependencyInjection\Compiler\InlineServiceDefinitionsPass: Inlined service "maker.maker.make_user" to "maker.auto_command.make_user".
Symfony\Component\DependencyInjection\Compiler\InlineServiceDefinitionsPass: Inlined service "maker.maker.make_migration" to "maker.auto_command.make_migration".
Symfony\Component\DependencyInjection\Compiler\InlineServiceDefinitionsPass: Inlined service "service_locator.0zsy1k0" to "service_locator.0zsy1k0.translation.warmer".
Symfony\Component\DependencyInjection\Compiler\InlineServiceDefinitionsPass: Inlined service "service_locator.lluwcxp" to "service_locator.lluwcxp.router.cache_warmer".
Symfony\Component\DependencyInjection\Compiler\InlineServiceDefinitionsPass: Inlined service "service_locator.c7_qahl" to "service_locator.c7_qahl.twig.cache_warmer".
Symfony\Component\DependencyInjection\Compiler\InlineServiceDefinitionsPass: Inlined service "service_locator.2m3e4be" to "service_locator.2m3e4be.twig.template_cache_warmer".
Symfony\Component\DependencyInjection\Compiler\InlineServiceDefinitionsPass: Inlined service "service_locator.yaqo0kv" to "console.command_loader".
Symfony\Component\DependencyInjection\Compiler\InlineServiceDefinitionsPass: Inlined service "1_ArrayCache~3an7aed" to "annotation_reader".
Symfony\Component\DependencyInjection\Compiler\RemoveUnusedDefinitionsPass: Removed service "Twig\Extensions\DateExtension"; reason: unused.
Symfony\Component\DependencyInjection\Compiler\RemoveUnusedDefinitionsPass: Removed service "Twig\Extensions\IntlExtension"; reason: unused.
Symfony\Component\DependencyInjection\Compiler\RemoveUnusedDefinitionsPass: Removed service "App\DataFixtures\AppFixtures"; reason: unused.
Symfony\Component\DependencyInjection\Compiler\RemoveUnusedDefinitionsPass: Removed service "App\DataFixtures\TaskFixtures"; reason: unused.
Symfony\Component\DependencyInjection\Compiler\RemoveUnusedDefinitionsPass: Removed service "translator.selector"; reason: unused.
Symfony\Component\DependencyInjection\Compiler\RemoveUnusedDefinitionsPass: Removed service "2_ServiceLocator~mjwtg8g"; reason: unused.
Symfony\Component\DependencyInjection\Compiler\RemoveUnusedDefinitionsPass: Removed service "1_NativeFileSessionHandler~mjwtg8g"; reason: unused.
Symfony\Component\DependencyInjection\Compiler\RemoveUnusedDefinitionsPass: Removed service "session.flash_bag"; reason: unused.
Symfony\Component\DependencyInjection\Compiler\RemoveUnusedDefinitionsPass: Removed service "session.attribute_bag"; reason: unused.
Symfony\Component\DependencyInjection\Compiler\RemoveUnusedDefinitionsPass: Removed service "session.handler.native_file"; reason: unused.
Symfony\Component\DependencyInjection\Compiler\RemoveUnusedDefinitionsPass: Removed service "session.handler.write_check"; reason: unused.
Symfony\Component\DependencyInjection\Compiler\RemoveUnusedDefinitionsPass: Removed service "assets.empty_package"; reason: unused.
Symfony\Component\DependencyInjection\Compiler\RemoveUnusedDefinitionsPass: Removed service "assets._default_package"; reason: unused.
Symfony\Component\DependencyInjection\Compiler\RemoveUnusedDefinitionsPass: Removed service "translator.logging"; reason: unused.
Symfony\Component\DependencyInjection\Compiler\RemoveUnusedDefinitionsPass: Removed service "translator.formatter.default"; reason: unused.
Symfony\Component\DependencyInjection\Compiler\RemoveUnusedDefinitionsPass: Removed service "translation.dumper.yaml"; reason: unused.
Symfony\Component\DependencyInjection\Compiler\RemoveUnusedDefinitionsPass: Removed service "profiler.storage"; reason: unused.
Symfony\Component\DependencyInjection\Compiler\RemoveUnusedDefinitionsPass: Removed service "data_collector.config"; reason: unused.
Symfony\Component\DependencyInjection\Compiler\RemoveUnusedDefinitionsPass: Removed service "data_collector.ajax"; reason: unused.
Symfony\Component\DependencyInjection\Compiler\RemoveUnusedDefinitionsPass: Removed service "data_collector.exception"; reason: unused.
Symfony\Component\DependencyInjection\Compiler\RemoveUnusedDefinitionsPass: Removed service "data_collector.events"; reason: unused.
Symfony\Component\DependencyInjection\Compiler\RemoveUnusedDefinitionsPass: Removed service "data_collector.logger"; reason: unused.
Symfony\Component\DependencyInjection\Compiler\RemoveUnusedDefinitionsPass: Removed service "data_collector.time"; reason: unused.
Symfony\Component\DependencyInjection\Compiler\RemoveUnusedDefinitionsPass: Removed service "data_collector.memory"; reason: unused.
Symfony\Component\DependencyInjection\Compiler\RemoveUnusedDefinitionsPass: Removed service "data_collector.cache"; reason: unused.
Symfony\Component\DependencyInjection\Compiler\RemoveUnusedDefinitionsPass: Removed service "cache_connection.gd_mszc"; reason: unused.
Symfony\Component\DependencyInjection\Compiler\RemoveUnusedDefinitionsPass: Removed service "cache_connection.jke6kex"; reason: unused.
Symfony\Component\DependencyInjection\Compiler\RemoveUnusedDefinitionsPass: Removed service "routing.resolver"; reason: unused.
Symfony\Component\DependencyInjection\Compiler\RemoveUnusedDefinitionsPass: Removed service "routing.loader.xml"; reason: unused.
Symfony\Component\DependencyInjection\Compiler\RemoveUnusedDefinitionsPass: Removed service "routing.loader.yml"; reason: unused.
Symfony\Component\DependencyInjection\Compiler\RemoveUnusedDefinitionsPass: Removed service "routing.loader.php"; reason: unused.
Symfony\Component\DependencyInjection\Compiler\RemoveUnusedDefinitionsPass: Removed service "routing.loader.glob"; reason: unused.
Symfony\Component\DependencyInjection\Compiler\RemoveUnusedDefinitionsPass: Removed service "routing.loader.directory"; reason: unused.
Symfony\Component\DependencyInjection\Compiler\RemoveUnusedDefinitionsPass: Removed service "routing.loader.service"; reason: unused.
Symfony\Component\DependencyInjection\Compiler\RemoveUnusedDefinitionsPass: Removed service "routing.loader.annotation.directory"; reason: unused.
Symfony\Component\DependencyInjection\Compiler\RemoveUnusedDefinitionsPass: Removed service "routing.loader.annotation.file"; reason: unused.
Symfony\Component\DependencyInjection\Compiler\RemoveUnusedDefinitionsPass: Removed service "2_PhpArrayAdapter~3an7aed"; reason: unused.
Symfony\Component\DependencyInjection\Compiler\RemoveUnusedDefinitionsPass: Removed service "1_ArrayCache~3an7aed"; reason: unused.
Symfony\Component\DependencyInjection\Compiler\RemoveUnusedDefinitionsPass: Removed service "annotations.dummy_registry"; reason: unused.
Symfony\Component\DependencyInjection\Compiler\RemoveUnusedDefinitionsPass: Removed service "annotations.filesystem_cache"; reason: unused.
Symfony\Component\DependencyInjection\Compiler\RemoveUnusedDefinitionsPass: Removed service "sensio_framework_extra.converter.doctrine.orm"; reason: unused.
Symfony\Component\DependencyInjection\Compiler\RemoveUnusedDefinitionsPass: Removed service "framework_extra_bundle.date_time_param_converter"; reason: unused.
Symfony\Component\DependencyInjection\Compiler\RemoveUnusedDefinitionsPass: Removed service "sensio_framework_extra.view.guesser"; reason: unused.
Symfony\Component\DependencyInjection\Compiler\RemoveUnusedDefinitionsPass: Removed service "framework_extra_bundle.argument_name_convertor"; reason: unused.
Symfony\Component\DependencyInjection\Compiler\RemoveUnusedDefinitionsPass: Removed service "twig.app_variable"; reason: unused.
Symfony\Component\DependencyInjection\Compiler\RemoveUnusedDefinitionsPass: Removed service "twig.template_iterator"; reason: unused.
Symfony\Component\DependencyInjection\Compiler\RemoveUnusedDefinitionsPass: Removed service "twig.loader.chain"; reason: unused.
Symfony\Component\DependencyInjection\Compiler\RemoveUnusedDefinitionsPass: Removed service "twig.extension.profiler"; reason: unused.
Symfony\Component\DependencyInjection\Compiler\RemoveUnusedDefinitionsPass: Removed service "data_collector.twig"; reason: unused.
Symfony\Component\DependencyInjection\Compiler\RemoveUnusedDefinitionsPass: Removed service "twig.extension.trans"; reason: unused.
Symfony\Component\DependencyInjection\Compiler\RemoveUnusedDefinitionsPass: Removed service "twig.extension.assets"; reason: unused.
Symfony\Component\DependencyInjection\Compiler\RemoveUnusedDefinitionsPass: Removed service "twig.extension.code"; reason: unused.
Symfony\Component\DependencyInjection\Compiler\RemoveUnusedDefinitionsPass: Removed service "twig.extension.routing"; reason: unused.
Symfony\Component\DependencyInjection\Compiler\RemoveUnusedDefinitionsPass: Removed service "twig.extension.yaml"; reason: unused.
Symfony\Component\DependencyInjection\Compiler\RemoveUnusedDefinitionsPass: Removed service "twig.extension.debug.stopwatch"; reason: unused.
Symfony\Component\DependencyInjection\Compiler\RemoveUnusedDefinitionsPass: Removed service "twig.extension.httpkernel"; reason: unused.
Symfony\Component\DependencyInjection\Compiler\RemoveUnusedDefinitionsPass: Removed service "twig.extension.httpfoundation"; reason: unused.
Symfony\Component\DependencyInjection\Compiler\RemoveUnusedDefinitionsPass: Removed service "twig.extension.debug"; reason: unused.
Symfony\Component\DependencyInjection\Compiler\RemoveUnusedDefinitionsPass: Removed service "twig.extension.weblink"; reason: unused.
Symfony\Component\DependencyInjection\Compiler\RemoveUnusedDefinitionsPass: Removed service "twig.configurator.environment"; reason: unused.
Symfony\Component\DependencyInjection\Compiler\RemoveUnusedDefinitionsPass: Removed service "twig.runtime_loader"; reason: unused.
Symfony\Component\DependencyInjection\Compiler\RemoveUnusedDefinitionsPass: Removed service "2_HtmlDumper~as8omxs"; reason: unused.
Symfony\Component\DependencyInjection\Compiler\RemoveUnusedDefinitionsPass: Removed service "1_NonceGenerator~as8omxs"; reason: unused.
Symfony\Component\DependencyInjection\Compiler\RemoveUnusedDefinitionsPass: Removed service "twig.extension.webprofiler"; reason: unused.
Symfony\Component\DependencyInjection\Compiler\RemoveUnusedDefinitionsPass: Removed service "doctrine.dbal.logger"; reason: unused.
Symfony\Component\DependencyInjection\Compiler\RemoveUnusedDefinitionsPass: Removed service "data_collector.doctrine"; reason: unused.
Symfony\Component\DependencyInjection\Compiler\RemoveUnusedDefinitionsPass: Removed service "doctrine.twig.doctrine_extension"; reason: unused.
Symfony\Component\DependencyInjection\Compiler\RemoveUnusedDefinitionsPass: Removed service "doctrine.dbal.default_connection.configuration"; reason: unused.
Symfony\Component\DependencyInjection\Compiler\RemoveUnusedDefinitionsPass: Removed service "doctrine.dbal.logger.chain.default"; reason: unused.
Symfony\Component\DependencyInjection\Compiler\RemoveUnusedDefinitionsPass: Removed service "doctrine.dbal.default_connection.event_manager"; reason: unused.
Symfony\Component\DependencyInjection\Compiler\RemoveUnusedDefinitionsPass: Removed service "doctrine.orm.container_repository_factory"; reason: unused.
Symfony\Component\DependencyInjection\Compiler\RemoveUnusedDefinitionsPass: Removed service "doctrine.orm.listeners.resolve_target_entity"; reason: unused.
Symfony\Component\DependencyInjection\Compiler\RemoveUnusedDefinitionsPass: Removed service "doctrine.orm.naming_strategy.default"; reason: unused.
Symfony\Component\DependencyInjection\Compiler\RemoveUnusedDefinitionsPass: Removed service "doctrine.orm.naming_strategy.underscore"; reason: unused.
Symfony\Component\DependencyInjection\Compiler\RemoveUnusedDefinitionsPass: Removed service "doctrine.orm.quote_strategy.default"; reason: unused.
Symfony\Component\DependencyInjection\Compiler\RemoveUnusedDefinitionsPass: Removed service "doctrine.orm.quote_strategy.ansi"; reason: unused.
Symfony\Component\DependencyInjection\Compiler\RemoveUnusedDefinitionsPass: Removed service "doctrine.orm.default_configuration"; reason: unused.
Symfony\Component\DependencyInjection\Compiler\RemoveUnusedDefinitionsPass: Removed service "doctrine.orm.default_annotation_metadata_driver"; reason: unused.
Symfony\Component\DependencyInjection\Compiler\RemoveUnusedDefinitionsPass: Removed service "doctrine.orm.default_metadata_driver"; reason: unused.
Symfony\Component\DependencyInjection\Compiler\RemoveUnusedDefinitionsPass: Removed service "maker.autoloader_finder"; reason: unused.
Symfony\Component\DependencyInjection\Compiler\RemoveUnusedDefinitionsPass: Removed service "maker.autoloader_util"; reason: unused.
Symfony\Component\DependencyInjection\Compiler\RemoveUnusedDefinitionsPass: Removed service "maker.event_registry"; reason: unused.
Symfony\Component\DependencyInjection\Compiler\RemoveUnusedDefinitionsPass: Removed service "maker.entity_class_generator"; reason: unused.
Symfony\Component\DependencyInjection\Compiler\RemoveUnusedDefinitionsPass: Removed service "maker.user_class_builder"; reason: unused.
Symfony\Component\DependencyInjection\Compiler\RemoveUnusedDefinitionsPass: Removed service "maker.maker.make_authenticator"; reason: unused.
Symfony\Component\DependencyInjection\Compiler\RemoveUnusedDefinitionsPass: Removed service "maker.maker.make_command"; reason: unused.
Symfony\Component\DependencyInjection\Compiler\RemoveUnusedDefinitionsPass: Removed service "maker.maker.make_controller"; reason: unused.
Symfony\Component\DependencyInjection\Compiler\RemoveUnusedDefinitionsPass: Removed service "maker.maker.make_crud"; reason: unused.
Symfony\Component\DependencyInjection\Compiler\RemoveUnusedDefinitionsPass: Removed service "maker.maker.make_entity"; reason: unused.
Symfony\Component\DependencyInjection\Compiler\RemoveUnusedDefinitionsPass: Removed service "maker.maker.make_fixtures"; reason: unused.
Symfony\Component\DependencyInjection\Compiler\RemoveUnusedDefinitionsPass: Removed service "maker.maker.make_form"; reason: unused.
Symfony\Component\DependencyInjection\Compiler\RemoveUnusedDefinitionsPass: Removed service "maker.maker.make_functional_test"; reason: unused.
Symfony\Component\DependencyInjection\Compiler\RemoveUnusedDefinitionsPass: Removed service "maker.maker.make_registration_form"; reason: unused.
Symfony\Component\DependencyInjection\Compiler\RemoveUnusedDefinitionsPass: Removed service "maker.maker.make_serializer_encoder"; reason: unused.
Symfony\Component\DependencyInjection\Compiler\RemoveUnusedDefinitionsPass: Removed service "maker.maker.make_serializer_normalizer"; reason: unused.
Symfony\Component\DependencyInjection\Compiler\RemoveUnusedDefinitionsPass: Removed service "maker.maker.make_subscriber"; reason: unused.
Symfony\Component\DependencyInjection\Compiler\RemoveUnusedDefinitionsPass: Removed service "maker.maker.make_twig_extension"; reason: unused.
Symfony\Component\DependencyInjection\Compiler\RemoveUnusedDefinitionsPass: Removed service "maker.maker.make_unit_test"; reason: unused.
Symfony\Component\DependencyInjection\Compiler\RemoveUnusedDefinitionsPass: Removed service "maker.maker.make_validator"; reason: unused.
Symfony\Component\DependencyInjection\Compiler\RemoveUnusedDefinitionsPass: Removed service "maker.maker.make_voter"; reason: unused.
Symfony\Component\DependencyInjection\Compiler\RemoveUnusedDefinitionsPass: Removed service "maker.maker.make_user"; reason: unused.
Symfony\Component\DependencyInjection\Compiler\RemoveUnusedDefinitionsPass: Removed service "maker.maker.make_migration"; reason: unused.
Symfony\Component\DependencyInjection\Compiler\RemoveUnusedDefinitionsPass: Removed service "doctrine.fixtures.loader"; reason: unused.
Symfony\Component\DependencyInjection\Compiler\RemoveUnusedDefinitionsPass: Removed service "service_locator.gy_zfyn"; reason: unused.
Symfony\Component\DependencyInjection\Compiler\RemoveUnusedDefinitionsPass: Removed service "service_locator.knfluyi"; reason: unused.
Symfony\Component\DependencyInjection\Compiler\RemoveUnusedDefinitionsPass: Removed service "service_locator.yepb.pt"; reason: unused.
Symfony\Component\DependencyInjection\Compiler\RemoveUnusedDefinitionsPass: Removed service "service_locator.w7xlwgx"; reason: unused.
Symfony\Component\DependencyInjection\Compiler\RemoveUnusedDefinitionsPass: Removed service "service_locator.z1uw9dp"; reason: unused.
Symfony\Component\DependencyInjection\Compiler\RemoveUnusedDefinitionsPass: Removed service "service_locator.yscbjmj.App\Controller\HelloController"; reason: unused.
Symfony\Component\DependencyInjection\Compiler\RemoveUnusedDefinitionsPass: Removed service "service_locator.yscbjmj.App\Controller\TaskController"; reason: unused.
Symfony\Component\DependencyInjection\Compiler\RemoveUnusedDefinitionsPass: Removed service "service_locator.yscbjmj.App\Controller\TestController"; reason: unused.
Symfony\Component\DependencyInjection\Compiler\RemoveUnusedDefinitionsPass: Removed service "service_locator.0zsy1k0"; reason: unused.
Symfony\Component\DependencyInjection\Compiler\RemoveUnusedDefinitionsPass: Removed service "service_locator.0zsy1k0.translation.warmer"; reason: unused.
Symfony\Component\DependencyInjection\Compiler\RemoveUnusedDefinitionsPass: Removed service "service_locator.lluwcxp"; reason: unused.
Symfony\Component\DependencyInjection\Compiler\RemoveUnusedDefinitionsPass: Removed service "service_locator.lluwcxp.router.cache_warmer"; reason: unused.
Symfony\Component\DependencyInjection\Compiler\RemoveUnusedDefinitionsPass: Removed service "service_locator.c7_qahl"; reason: unused.
Symfony\Component\DependencyInjection\Compiler\RemoveUnusedDefinitionsPass: Removed service "service_locator.c7_qahl.twig.cache_warmer"; reason: unused.
Symfony\Component\DependencyInjection\Compiler\RemoveUnusedDefinitionsPass: Removed service "service_locator.2m3e4be"; reason: unused.
Symfony\Component\DependencyInjection\Compiler\RemoveUnusedDefinitionsPass: Removed service "service_locator.2m3e4be.twig.template_cache_warmer"; reason: unused.
Symfony\Component\DependencyInjection\Compiler\RemoveUnusedDefinitionsPass: Removed service "debug.event_dispatcher.inner"; reason: unused.
Symfony\Component\DependencyInjection\Compiler\RemoveUnusedDefinitionsPass: Removed service "debug.controller_resolver.inner"; reason: unused.
Symfony\Component\DependencyInjection\Compiler\RemoveUnusedDefinitionsPass: Removed service "debug.argument_resolver.inner"; reason: unused.
Symfony\Component\DependencyInjection\Compiler\RemoveUnusedDefinitionsPass: Removed service "service_locator.yaqo0kv"; reason: unused.
Symfony\Component\DependencyInjection\Compiler\RemoveUnusedDefinitionsPass: Removed service "cache.app.recorder_inner"; reason: unused.
Symfony\Component\DependencyInjection\Compiler\RemoveUnusedDefinitionsPass: Removed service "cache.system.recorder_inner"; reason: unused.
Symfony\Component\DependencyInjection\Compiler\RemoveUnusedDefinitionsPass: Removed service "cache.validator.recorder_inner"; reason: unused.
Symfony\Component\DependencyInjection\Compiler\RemoveUnusedDefinitionsPass: Removed service "cache.serializer.recorder_inner"; reason: unused.
Symfony\Component\DependencyInjection\Compiler\RemoveUnusedDefinitionsPass: Removed service "cache.annotations.recorder_inner"; reason: unused.
Symfony\Component\DependencyInjection\Compiler\RemoveUnusedDefinitionsPass: Removed service "service_locator.8iplfhr"; reason: unused.
Symfony\Component\DependencyInjection\Compiler\InlineServiceDefinitionsPass: Inlined service "assets.empty_version_strategy" to "assets.packages".
Symfony\Component\DependencyInjection\Compiler\InlineServiceDefinitionsPass: Inlined service "routing.loader.annotation" to "routing.loader".
Symfony\Component\DependencyInjection\Compiler\InlineServiceDefinitionsPass: Inlined service "routing.loader.annotation" to "routing.loader".
Symfony\Component\DependencyInjection\Compiler\InlineServiceDefinitionsPass: Inlined service "routing.loader.annotation" to "routing.loader".
Symfony\Component\DependencyInjection\Compiler\RemoveUnusedDefinitionsPass: Removed service "assets.empty_version_strategy"; reason: unused.
Symfony\Component\DependencyInjection\Compiler\RemoveUnusedDefinitionsPass: Removed service "routing.loader.annotation"; reason: unused.